<?xml version="1.0" encoding="UTF-8"?>
<testng-results skipped="0" failed="0" ignored="0" total="1" passed="1">
  <reporter-output>
  </reporter-output>
  <suite name="cicddemo.FirstTest" duration-ms="1945" started-at="2017-05-17T07:08:34Z" finished-at="2017-05-17T07:08:36Z">
    <groups>
    </groups>
    <test name="Command line test" duration-ms="1945" started-at="2017-05-17T07:08:34Z" finished-at="2017-05-17T07:08:36Z">
      <class name="cicddemo.FirstTest">
        <test-method status="PASS" signature="LoadPage()[pri:0, instance:cicddemo.FirstTest@1554909b]" name="LoadPage" duration-ms="1928" started-at="2017-05-17T12:38:34Z" finished-at="2017-05-17T12:38:36Z">
          <reporter-output>
          </reporter-output>
        </test-method> <!-- LoadPage -->
      </class> <!-- cicddemo.FirstTest -->
    </test> <!-- Command line test -->
  </suite> <!-- cicddemo.FirstTest -->
</testng-results>
