<?xml version="1.0" encoding="UTF-8"?>
<testng-results skipped="0" failed="0" ignored="0" total="1" passed="1">
  <reporter-output>
  </reporter-output>
  <suite name="Default suite" duration-ms="1800" started-at="2017-05-17T07:06:06Z" finished-at="2017-05-17T07:06:08Z">
    <groups>
    </groups>
    <test name="Default test" duration-ms="1800" started-at="2017-05-17T07:06:06Z" finished-at="2017-05-17T07:06:08Z">
      <class name="cicddemo.FirstTest">
        <test-method status="PASS" signature="LoadPage()[pri:0, instance:cicddemo.FirstTest@4b9e13df]" name="LoadPage" duration-ms="1785" started-at="2017-05-17T12:36:06Z" finished-at="2017-05-17T12:36:08Z">
          <reporter-output>
          </reporter-output>
        </test-method> <!-- LoadPage -->
      </class> <!-- cicddemo.FirstTest -->
    </test> <!-- Default test -->
  </suite> <!-- Default suite -->
</testng-results>
